<?xml version="1.0" encoding="UTF-8"?>
<testng-results ignored="0" total="1" passed="1" failed="0" skipped="0">
  <reporter-output>
  </reporter-output>
  <suite started-at="2024-11-07T11:23:07 GMT-08:00" name="Default suite" finished-at="2024-11-07T11:23:16 GMT-08:00" duration-ms="8725">
    <groups>
    </groups>
    <test started-at="2024-11-07T11:23:07 GMT-08:00" name="Default test" finished-at="2024-11-07T11:23:16 GMT-08:00" duration-ms="8725">
      <class name="Practice.XploreTestScipt">
        <test-method signature="run()[pri:0, instance:Practice.XploreTestScipt@359df09a]" started-at="2024-11-07T11:23:07 GMT-08:00" name="run" finished-at="2024-11-07T11:23:16 GMT-08:00" duration-ms="8633" status="PASS">
          <reporter-output>
          </reporter-output>
        </test-method> <!-- run -->
      </class> <!-- Practice.XploreTestScipt -->
    </test> <!-- Default test -->
  </suite> <!-- Default suite -->
</testng-results>
