<?xml version="1.0" encoding="UTF-8"?>
<testng-results ignored="1" total="2" passed="1" failed="0" skipped="0">
  <reporter-output>
    <line>
      <![CDATA[Login into Appliction]]>
    </line>
  </reporter-output>
  <suite started-at="2024-02-23T18:12:41Z" name="Default suite" finished-at="2024-02-23T18:12:41Z" duration-ms="39">
    <groups>
    </groups>
    <test started-at="2024-02-23T18:12:41Z" name="Default test" finished-at="2024-02-23T18:12:41Z" duration-ms="39">
      <class name="learningTestNG.Basic">
        <test-method signature="login()[pri:0, instance:learningTestNG.Basic@7ae0a9ec]" started-at="2024-02-23T18:12:41Z" name="login" finished-at="2024-02-23T18:12:41Z" duration-ms="12" status="PASS">
          <reporter-output>
            <line>
              <![CDATA[Login into Appliction]]>
            </line>
          </reporter-output>
        </test-method> <!-- login -->
      </class> <!-- learningTestNG.Basic -->
    </test> <!-- Default test -->
  </suite> <!-- Default suite -->
</testng-results>
