<?xml version="1.0" encoding="UTF-8"?>
<testng-results ignored="0" total="1" passed="1" failed="0" skipped="0">
  <reporter-output>
  </reporter-output>
  <suite started-at="2024-02-25T21:03:12Z" name="Default suite" finished-at="2024-02-25T21:03:16Z" duration-ms="3486">
    <groups>
    </groups>
    <test started-at="2024-02-25T21:03:12Z" name="Default test" finished-at="2024-02-25T21:03:16Z" duration-ms="3486">
      <class name="assertion.ValidateAssertion">
        <test-method signature="title()[pri:0, instance:assertion.ValidateAssertion@7ae0a9ec]" started-at="2024-02-25T21:03:12Z" name="title" finished-at="2024-02-25T21:03:16Z" duration-ms="3452" status="PASS">
          <reporter-output>
          </reporter-output>
        </test-method> <!-- title -->
      </class> <!-- assertion.ValidateAssertion -->
    </test> <!-- Default test -->
  </suite> <!-- Default suite -->
</testng-results>
